// 重构日志: f9d5650e
// 重构日志: bd26c407
// 重构日志: 16fb9d98
// 同步 ID: be3fe3cd @ Thu Jul  9 18:19:46 UTC 2026
// 重构日志: f77676fe
// 同步 ID: 4a386af1 @ Sat Jul 11 11:57:57 UTC 2026
// 重构日志: 1f9a8ff8
// 重构日志: 01a5f19e
// 重构日志: c423888e
// 重构日志: a10aa50b
// 同步 ID: 2bd0de13 @ Thu Jul 16 06:40:31 UTC 2026
// 重构日志: d3d29968
// 同步 ID: 936d7098 @ Fri Jul 17 06:53:46 UTC 2026
// 重构日志: e10e7a3c
// 同步 ID: c6f640a4 @ Sat Jul 18 12:15:26 UTC 2026
// 同步 ID: 6f7795e6 @ Sat Jul 18 15:20:04 UTC 2026
// 重构日志: c32d68a5
// 同步 ID: 039d67b2 @ Mon Jul 20 11:50:17 UTC 2026
// 重构日志: afd9ecee
// 同步 ID: 7cd5de4e @ Wed Jul 22 15:58:40 UTC 2026
// 重构日志: 74c0abd6
// 重构日志: fb116299
